Using pre-set license
Built from '2020.3/staging' branch; Version is '2020.3.38f1 (8f5fde82e2dc) revision 9396190'; Using compiler version '192528614'; Build Type 'Release'
OS: 'Windows 10  (10.0.19044) 64bit Professional' Language: 'en' Physical Memory: 8126 MB
BatchMode: 1, IsHumanControllingUs: 0, StartBugReporterOnCrash: 0, Is64bit: 1, IsPro: 0

COMMAND LINE ARGUMENTS:
F:\Dev\UnityEditor\2020.3.38f1\Editor\Unity.exe
-adb2
-batchMode
-noUpm
-name
AssetImportWorker0
-projectPath
F:/Dev/UnityProjects/loadAssets
-logFile
Logs/AssetImportWorker0.log
-srvPort
54359
Successfully changed project path to: F:/Dev/UnityProjects/loadAssets
F:/Dev/UnityProjects/loadAssets
Using Asset Import Pipeline V2.
Refreshing native plugins compatible for Editor in 67.67 ms, found 3 plugins.
Preloading 0 native plugins for Editor in 0.00 ms.
Initialize engine version: 2020.3.38f1 (8f5fde82e2dc)
[Subsystems] Discovering subsystems at path F:/Dev/UnityEditor/2020.3.38f1/Editor/Data/Resources/UnitySubsystems
[Subsystems] Discovering subsystems at path F:/Dev/UnityProjects/loadAssets/Assets
GfxDevice: creating device client; threaded=0
Direct3D:
    Version:  Direct3D 11.0 [level 11.1]
    Renderer: Radeon RX 570 Series (ID=0x67df)
    Vendor:   
    VRAM:     4074 MB
    Driver:   31.0.12019.16007
Initialize mono
Mono path[0] = 'F:/Dev/UnityEditor/2020.3.38f1/Editor/Data/Managed'
Mono path[1] = 'F:/Dev/UnityEditor/2020.3.38f1/Editor/Data/MonoBleedingEdge/lib/mono/unityjit'
Mono config path = 'F:/Dev/UnityEditor/2020.3.38f1/Editor/Data/MonoBleedingEdge/etc'
Using monoOptions --debugger-agent=transport=dt_socket,embedding=1,server=y,suspend=n,address=127.0.0.1:56468
Begin MonoManager ReloadAssembly
Registering precompiled unity dll's ...
Register platform support module: F:/Dev/UnityEditor/2020.3.38f1/Editor/Data/PlaybackEngines/WindowsStandaloneSupport/UnityEditor.WindowsStandalone.Extensions.dll
Registered in 0.001466 seconds.
Native extension for WindowsStandalone target not found
Refreshing native plugins compatible for Editor in 86.60 ms, found 3 plugins.
Preloading 0 native plugins for Editor in 0.00 ms.
Mono: successfully reloaded assembly
- Completed reload, in  0.857 seconds
Domain Reload Profiling:
	ReloadAssembly (857ms)
		BeginReloadAssembly (80ms)
			ExecutionOrderSort (0ms)
			DisableScriptedObjects (0ms)
			BackupInstance (0ms)
			ReleaseScriptingObjects (0ms)
			CreateAndSetChildDomain (1ms)
		EndReloadAssembly (683ms)
			LoadAssemblies (79ms)
			RebuildTransferFunctionScriptingTraits (0ms)
			SetupTypeCache (201ms)
			ReleaseScriptCaches (0ms)
			RebuildScriptCaches (50ms)
			SetupLoadedEditorAssemblies (282ms)
				LogAssemblyErrors (0ms)
				InitializePlatformSupportModulesInManaged (7ms)
				SetLoadedEditorAssemblies (0ms)
				RefreshPlugins (87ms)
				BeforeProcessingInitializeOnLoad (28ms)
				ProcessInitializeOnLoadAttributes (120ms)
				ProcessInitializeOnLoadMethodAttributes (40ms)
				AfterProcessingInitializeOnLoad (0ms)
				EditorAssembliesLoaded (0ms)
			ExecutionOrderSort2 (0ms)
			AwakeInstancesAfterBackupRestoration (0ms)
Platform modules already initialized, skipping
Registering precompiled user dll's ...
Registered in 0.003369 seconds.
Begin MonoManager ReloadAssembly
Native extension for WindowsStandalone target not found
Refreshing native plugins compatible for Editor in 84.05 ms, found 3 plugins.
Preloading 0 native plugins for Editor in 0.00 ms.
Mono: successfully reloaded assembly
- Completed reload, in  1.612 seconds
Domain Reload Profiling:
	ReloadAssembly (1613ms)
		BeginReloadAssembly (197ms)
			ExecutionOrderSort (0ms)
			DisableScriptedObjects (7ms)
			BackupInstance (0ms)
			ReleaseScriptingObjects (0ms)
			CreateAndSetChildDomain (22ms)
		EndReloadAssembly (1338ms)
			LoadAssemblies (128ms)
			RebuildTransferFunctionScriptingTraits (0ms)
			SetupTypeCache (415ms)
			ReleaseScriptCaches (1ms)
			RebuildScriptCaches (67ms)
			SetupLoadedEditorAssemblies (568ms)
				LogAssemblyErrors (0ms)
				InitializePlatformSupportModulesInManaged (4ms)
				SetLoadedEditorAssemblies (0ms)
				RefreshPlugins (84ms)
				BeforeProcessingInitializeOnLoad (122ms)
				ProcessInitializeOnLoadAttributes (320ms)
				ProcessInitializeOnLoadMethodAttributes (33ms)
				AfterProcessingInitializeOnLoad (4ms)
				EditorAssembliesLoaded (0ms)
			ExecutionOrderSort2 (0ms)
			AwakeInstancesAfterBackupRestoration (3ms)
Platform modules already initialized, skipping
========================================================================
Worker process is ready to serve import requests
Launched and connected shader compiler UnityShaderCompiler.exe after 0.06 seconds
Refreshing native plugins compatible for Editor in 0.72 ms, found 3 plugins.
Preloading 0 native plugins for Editor in 0.00 ms.
Unloading 2646 Unused Serialized files (Serialized files now loaded: 0)
System memory in use before: 111.2 MB.
System memory in use after: 111.2 MB.

Unloading 31 unused Assets to reduce memory usage. Loaded Objects now: 3079.
Total: 4.448000 ms (FindLiveObjects: 0.246300 ms CreateObjectMapping: 0.090000 ms MarkObjects: 3.934600 ms  DeleteObjects: 0.175800 ms)

AssetImportParameters requested are different than current active one (requested -> active):
  custom:framework-win-MediaFoundation: 216162199b28c13a410421893ffa2e32 -> 
  custom:video-decoder-ogg-theora: a1e56fd34408186e4bbccfd4996cb3dc -> 
  custom:container-muxer-webm: aa71ff27fc2769a1b78a27578f13a17b -> 
  custom:container-demuxer-webm: 4f35f7cbe854078d1ac9338744f61a02 -> 
  custom:container-demuxer-ogg: 62fdf1f143b41e24485cea50d1cbac27 -> 
  custom:video-encoder-webm-vp8: eb34c28f22e8b96e1ab97ce403110664 -> 
  custom:video-decoder-webm-vp8: 9c59270c3fd7afecdb556c50c9e8de78 -> 
  custom:audio-decoder-ogg-vorbis: bf7c407c2cedff20999df2af8eb42d56 -> 
  custom:audio-encoder-webm-vorbis: bf7c407c2cedff20999df2af8eb42d56 -> 
========================================================================
Received Import Request.
  path: Assets/unity-tab.png
  artifactKey: Guid(767bd19eec564004681a27751f3edb41) Importer(815301076,1909f56bfc062723c751e8b465ee728b)
Start importing Assets/unity-tab.png using Guid(767bd19eec564004681a27751f3edb41) Importer(815301076,1909f56bfc062723c751e8b465ee728b)  -> (artifact id: '31b515759516346e380da0f67a1decbf') in 0.157275 seconds 
========================================================================
Received Import Request.
  Time since last request: 519.768806 seconds.
  path: Assets/loadimage.cs
  artifactKey: Guid(35caab598489e7b49ab0496bd499e7aa) Importer(815301076,1909f56bfc062723c751e8b465ee728b)
Start importing Assets/loadimage.cs using Guid(35caab598489e7b49ab0496bd499e7aa) Importer(815301076,1909f56bfc062723c751e8b465ee728b)  -> (artifact id: '6fbdce4b4082a769b2f96183fef2964a') in 0.014214 seconds 
========================================================================
Received Import Request.
  Time since last request: 0.716978 seconds.
  path: Assets/AddressableAssetsData
  artifactKey: Guid(21ed6d5e1891c8240862965b8ed64743) Importer(815301076,1909f56bfc062723c751e8b465ee728b)
Start importing Assets/AddressableAssetsData using Guid(21ed6d5e1891c8240862965b8ed64743) Importer(815301076,1909f56bfc062723c751e8b465ee728b)  -> (artifact id: '5b1ca4f3738cc748ab4ef34145b9ddbe') in 0.010539 seconds 
========================================================================
Received Import Request.
  Time since last request: 5.509037 seconds.
  path: Assets/AddressableAssetsData/Windows
  artifactKey: Guid(c0a2f7a4aa6c91949bd4c42198b351ff) Importer(815301076,1909f56bfc062723c751e8b465ee728b)
Start importing Assets/AddressableAssetsData/Windows using Guid(c0a2f7a4aa6c91949bd4c42198b351ff) Importer(815301076,1909f56bfc062723c751e8b465ee728b)  -> (artifact id: '15fd0a080df6614df56564e4f6e6ca4f') in 0.027851 seconds 
========================================================================
Received Import Request.
  Time since last request: 1.050320 seconds.
  path: Assets/AddressableAssetsData/Windows/addressables_content_state.bin
  artifactKey: Guid(0e980a2fbe87e3045ba521af568def35) Importer(815301076,1909f56bfc062723c751e8b465ee728b)
Start importing Assets/AddressableAssetsData/Windows/addressables_content_state.bin using Guid(0e980a2fbe87e3045ba521af568def35) Importer(815301076,1909f56bfc062723c751e8b465ee728b)  -> (artifact id: '788e680f6c3d9b9db7d7490c48b3d92c') in 0.187511 seconds 
========================================================================
Received Import Request.
  Time since last request: 116.034013 seconds.
  path: Assets/Scripts
  artifactKey: Guid(18c72abf527986742bdcca1d67c19e5c) Importer(815301076,1909f56bfc062723c751e8b465ee728b)
Start importing Assets/Scripts using Guid(18c72abf527986742bdcca1d67c19e5c) Importer(815301076,1909f56bfc062723c751e8b465ee728b)  -> (artifact id: '2ecbc69d68ad4f5947f731c89f04c8e1') in 0.015118 seconds 
========================================================================
Received Prepare
Registering precompiled user dll's ...
Registered in 0.003861 seconds.
Begin MonoManager ReloadAssembly
Native extension for WindowsStandalone target not found
Refreshing native plugins compatible for Editor in 0.63 ms, found 3 plugins.
Preloading 0 native plugins for Editor in 0.00 ms.
Mono: successfully reloaded assembly
- Completed reload, in  1.638 seconds
Domain Reload Profiling:
	ReloadAssembly (1639ms)
		BeginReloadAssembly (189ms)
			ExecutionOrderSort (0ms)
			DisableScriptedObjects (9ms)
			BackupInstance (0ms)
			ReleaseScriptingObjects (0ms)
			CreateAndSetChildDomain (45ms)
		EndReloadAssembly (1356ms)
			LoadAssemblies (165ms)
			RebuildTransferFunctionScriptingTraits (0ms)
			SetupTypeCache (426ms)
			ReleaseScriptCaches (2ms)
			RebuildScriptCaches (67ms)
			SetupLoadedEditorAssemblies (593ms)
				LogAssemblyErrors (0ms)
				InitializePlatformSupportModulesInManaged (6ms)
				SetLoadedEditorAssemblies (1ms)
				RefreshPlugins (1ms)
				BeforeProcessingInitializeOnLoad (115ms)
				ProcessInitializeOnLoadAttributes (358ms)
				ProcessInitializeOnLoadMethodAttributes (109ms)
				AfterProcessingInitializeOnLoad (4ms)
				EditorAssembliesLoaded (0ms)
			ExecutionOrderSort2 (0ms)
			AwakeInstancesAfterBackupRestoration (7ms)
Platform modules already initialized, skipping
Refreshing native plugins compatible for Editor in 0.63 ms, found 3 plugins.
Preloading 0 native plugins for Editor in 0.00 ms.
Unloading 2653 Unused Serialized files (Serialized files now loaded: 0)
System memory in use before: 115.0 MB.
System memory in use after: 115.0 MB.

Unloading 20 unused Assets to reduce memory usage. Loaded Objects now: 3103.
Total: 4.970700 ms (FindLiveObjects: 0.321100 ms CreateObjectMapping: 0.101500 ms MarkObjects: 4.393300 ms  DeleteObjects: 0.153300 ms)

AssetImportParameters requested are different than current active one (requested -> active):
  custom:framework-win-MediaFoundation: 216162199b28c13a410421893ffa2e32 -> 
  custom:video-decoder-ogg-theora: a1e56fd34408186e4bbccfd4996cb3dc -> 
  custom:container-muxer-webm: aa71ff27fc2769a1b78a27578f13a17b -> 
  custom:container-demuxer-webm: 4f35f7cbe854078d1ac9338744f61a02 -> 
  custom:container-demuxer-ogg: 62fdf1f143b41e24485cea50d1cbac27 -> 
  custom:video-encoder-webm-vp8: eb34c28f22e8b96e1ab97ce403110664 -> 
  custom:video-decoder-webm-vp8: 9c59270c3fd7afecdb556c50c9e8de78 -> 
  custom:audio-decoder-ogg-vorbis: bf7c407c2cedff20999df2af8eb42d56 -> 
  custom:audio-encoder-webm-vorbis: bf7c407c2cedff20999df2af8eb42d56 -> 
========================================================================
Received Prepare
Registering precompiled user dll's ...
Registered in 0.003294 seconds.
Begin MonoManager ReloadAssembly
Native extension for WindowsStandalone target not found
Refreshing native plugins compatible for Editor in 0.63 ms, found 3 plugins.
Preloading 0 native plugins for Editor in 0.00 ms.
Mono: successfully reloaded assembly
- Completed reload, in  1.570 seconds
Domain Reload Profiling:
	ReloadAssembly (1571ms)
		BeginReloadAssembly (163ms)
			ExecutionOrderSort (0ms)
			DisableScriptedObjects (10ms)
			BackupInstance (0ms)
			ReleaseScriptingObjects (0ms)
			CreateAndSetChildDomain (48ms)
		EndReloadAssembly (1313ms)
			LoadAssemblies (143ms)
			RebuildTransferFunctionScriptingTraits (0ms)
			SetupTypeCache (406ms)
			ReleaseScriptCaches (1ms)
			RebuildScriptCaches (64ms)
			SetupLoadedEditorAssemblies (491ms)
				LogAssemblyErrors (0ms)
				InitializePlatformSupportModulesInManaged (5ms)
				SetLoadedEditorAssemblies (1ms)
				RefreshPlugins (1ms)
				BeforeProcessingInitializeOnLoad (111ms)
				ProcessInitializeOnLoadAttributes (346ms)
				ProcessInitializeOnLoadMethodAttributes (24ms)
				AfterProcessingInitializeOnLoad (3ms)
				EditorAssembliesLoaded (0ms)
			ExecutionOrderSort2 (0ms)
			AwakeInstancesAfterBackupRestoration (36ms)
Platform modules already initialized, skipping
Refreshing native plugins compatible for Editor in 0.64 ms, found 3 plugins.
Preloading 0 native plugins for Editor in 0.00 ms.
Unloading 2641 Unused Serialized files (Serialized files now loaded: 0)
System memory in use before: 114.8 MB.
System memory in use after: 114.9 MB.

Unloading 20 unused Assets to reduce memory usage. Loaded Objects now: 3106.
Total: 4.516500 ms (FindLiveObjects: 0.245700 ms CreateObjectMapping: 0.097200 ms MarkObjects: 3.999600 ms  DeleteObjects: 0.172600 ms)

AssetImportParameters requested are different than current active one (requested -> active):
  custom:framework-win-MediaFoundation: 216162199b28c13a410421893ffa2e32 -> 
  custom:video-decoder-ogg-theora: a1e56fd34408186e4bbccfd4996cb3dc -> 
  custom:container-muxer-webm: aa71ff27fc2769a1b78a27578f13a17b -> 
  custom:container-demuxer-webm: 4f35f7cbe854078d1ac9338744f61a02 -> 
  custom:container-demuxer-ogg: 62fdf1f143b41e24485cea50d1cbac27 -> 
  custom:video-encoder-webm-vp8: eb34c28f22e8b96e1ab97ce403110664 -> 
  custom:video-decoder-webm-vp8: 9c59270c3fd7afecdb556c50c9e8de78 -> 
  custom:audio-decoder-ogg-vorbis: bf7c407c2cedff20999df2af8eb42d56 -> 
  custom:audio-encoder-webm-vorbis: bf7c407c2cedff20999df2af8eb42d56 -> 
========================================================================
Received Import Request.
  Time since last request: 451.131922 seconds.
  path: Assets/AddressableAssetsData/AssetGroups
  artifactKey: Guid(f3232de741aa9d84d95a1cf55b402cce) Importer(815301076,1909f56bfc062723c751e8b465ee728b)
Start importing Assets/AddressableAssetsData/AssetGroups using Guid(f3232de741aa9d84d95a1cf55b402cce) Importer(815301076,1909f56bfc062723c751e8b465ee728b)  -> (artifact id: '8a52d2b7574274f79e6051a20bc96c9a') in 0.019180 seconds 
========================================================================
Received Import Request.
  Time since last request: 1.468800 seconds.
  path: Assets/AddressableAssetsData/AssetGroups/Schemas
  artifactKey: Guid(43cef84f5fd8bd94da0ce16dd62fe143) Importer(815301076,1909f56bfc062723c751e8b465ee728b)
Start importing Assets/AddressableAssetsData/AssetGroups/Schemas using Guid(43cef84f5fd8bd94da0ce16dd62fe143) Importer(815301076,1909f56bfc062723c751e8b465ee728b)  -> (artifact id: '5ada346982071ff9655adfcce998fcd7') in 0.011111 seconds 
========================================================================
Received Import Request.
  Time since last request: 11.225698 seconds.
  path: Assets/AddressableAssetsData/AssetGroups/Built In Data.asset
  artifactKey: Guid(89b9a5e1dcf52bd44bbc0eb925295805) Importer(815301076,1909f56bfc062723c751e8b465ee728b)
Start importing Assets/AddressableAssetsData/AssetGroups/Built In Data.asset using Guid(89b9a5e1dcf52bd44bbc0eb925295805) Importer(815301076,1909f56bfc062723c751e8b465ee728b)  -> (artifact id: '14f934b36afa2dd32f228ce18b9c1868') in 0.027790 seconds 
========================================================================
Received Import Request.
  Time since last request: 0.060989 seconds.
  path: Assets/AddressableAssetsData/AssetGroups/Default Local Group.asset
  artifactKey: Guid(608de96bdbd96f94d8cf9817eaafc8f7) Importer(815301076,1909f56bfc062723c751e8b465ee728b)
Start importing Assets/AddressableAssetsData/AssetGroups/Default Local Group.asset using Guid(608de96bdbd96f94d8cf9817eaafc8f7) Importer(815301076,1909f56bfc062723c751e8b465ee728b)  -> (artifact id: '3aa64cd8f01739a4141d5a4d71197e86') in 0.009529 seconds 
========================================================================
Received Import Request.
  Time since last request: 50.865470 seconds.
  path: Assets/AddressableAssetsData/AssetGroups/Packed Assets.asset
  artifactKey: Guid(bbdf1945a69ef4146ab689c2574e621b) Importer(815301076,1909f56bfc062723c751e8b465ee728b)
Start importing Assets/AddressableAssetsData/AssetGroups/Packed Assets.asset using Guid(bbdf1945a69ef4146ab689c2574e621b) Importer(815301076,1909f56bfc062723c751e8b465ee728b)  -> (artifact id: 'bc6cfa0229efdd903ade8c5e1d1de1be') in 0.017783 seconds 
========================================================================
Received Import Request.
  Time since last request: 1.986555 seconds.
  path: Assets/AddressableAssetsData/AssetGroups/Default Local Group.asset
  artifactKey: Guid(608de96bdbd96f94d8cf9817eaafc8f7) Importer(815301076,1909f56bfc062723c751e8b465ee728b)
Start importing Assets/AddressableAssetsData/AssetGroups/Default Local Group.asset using Guid(608de96bdbd96f94d8cf9817eaafc8f7) Importer(815301076,1909f56bfc062723c751e8b465ee728b)  -> (artifact id: 'a3d96ddbb733614890ada83dd9781c9b') in 0.008823 seconds 
========================================================================
Received Import Request.
  Time since last request: 23.099846 seconds.
  path: Assets/AddressableAssetsData/AddressableAssetSettings.asset
  artifactKey: Guid(fdf2d2916eed4a64787e5e41c4f74ac8) Importer(815301076,1909f56bfc062723c751e8b465ee728b)
Start importing Assets/AddressableAssetsData/AddressableAssetSettings.asset using Guid(fdf2d2916eed4a64787e5e41c4f74ac8) Importer(815301076,1909f56bfc062723c751e8b465ee728b) Port 58541 is in use, cannot start service!
UnityEngine.StackTraceUtility:ExtractStackTrace ()
UnityEngine.DebugLogHandler:LogFormat (UnityEngine.LogType,UnityEngine.Object,string,object[])
UnityEngine.Logger:LogFormat (UnityEngine.LogType,string,object[])
UnityEditor.AddressableAssets.HostingServices.BaseHostingService:LogFormat (UnityEngine.LogType,string,object[]) (at Library/PackageCache/com.unity.addressables@1.18.19/Editor/HostingServices/BaseHostingService.cs:135)
UnityEditor.AddressableAssets.HostingServices.BaseHostingService:LogError (string,object[]) (at Library/PackageCache/com.unity.addressables@1.18.19/Editor/HostingServices/BaseHostingService.cs:165)
UnityEditor.AddressableAssets.HostingServices.HttpHostingService:StartHostingService () (at Library/PackageCache/com.unity.addressables@1.18.19/Editor/HostingServices/HttpHostingService.cs:215)
UnityEditor.AddressableAssets.HostingServices.BaseHostingService:OnEnable () (at Library/PackageCache/com.unity.addressables@1.18.19/Editor/HostingServices/BaseHostingService.cs:29)
UnityEditor.AddressableAssets.HostingServices.HostingServicesManager:OnEnable () (at Library/PackageCache/com.unity.addressables@1.18.19/Editor/HostingServices/HostingServicesManager.cs:273)
UnityEditor.AddressableAssets.Settings.AddressableAssetSettings:OnEnable () (at Library/PackageCache/com.unity.addressables@1.18.19/Editor/Settings/AddressableAssetSettings.cs:1209)

(Filename: Library/PackageCache/com.unity.addressables@1.18.19/Editor/HostingServices/BaseHostingService.cs Line: 135)

 -> (artifact id: '60024ee6d360d5f444434f2c47724bca') in 0.115495 seconds 
========================================================================
Received Prepare
Registering precompiled user dll's ...
Registered in 0.004198 seconds.
Begin MonoManager ReloadAssembly
Native extension for WindowsStandalone target not found
Refreshing native plugins compatible for Editor in 0.89 ms, found 3 plugins.
Preloading 0 native plugins for Editor in 0.00 ms.
Port 58541 is in use, cannot start service!
UnityEngine.StackTraceUtility:ExtractStackTrace ()
UnityEngine.DebugLogHandler:LogFormat (UnityEngine.LogType,UnityEngine.Object,string,object[])
UnityEngine.Logger:LogFormat (UnityEngine.LogType,string,object[])
UnityEditor.AddressableAssets.HostingServices.BaseHostingService:LogFormat (UnityEngine.LogType,string,object[]) (at Library/PackageCache/com.unity.addressables@1.18.19/Editor/HostingServices/BaseHostingService.cs:135)
UnityEditor.AddressableAssets.HostingServices.BaseHostingService:LogError (string,object[]) (at Library/PackageCache/com.unity.addressables@1.18.19/Editor/HostingServices/BaseHostingService.cs:165)
UnityEditor.AddressableAssets.HostingServices.HttpHostingService:StartHostingService () (at Library/PackageCache/com.unity.addressables@1.18.19/Editor/HostingServices/HttpHostingService.cs:215)
UnityEditor.AddressableAssets.HostingServices.BaseHostingService:OnEnable () (at Library/PackageCache/com.unity.addressables@1.18.19/Editor/HostingServices/BaseHostingService.cs:29)
UnityEditor.AddressableAssets.HostingServices.HostingServicesManager:OnEnable () (at Library/PackageCache/com.unity.addressables@1.18.19/Editor/HostingServices/HostingServicesManager.cs:273)
UnityEditor.AddressableAssets.Settings.AddressableAssetSettings:OnEnable () (at Library/PackageCache/com.unity.addressables@1.18.19/Editor/Settings/AddressableAssetSettings.cs:1209)
UnityEditor.AssetDatabase:LoadAssetAtPath<UnityEditor.AddressableAssets.Settings.AddressableAssetSettings> (string)
UnityEditor.AddressableAssets.AddressableAssetSettingsDefaultObject:LoadSettingsObject () (at Library/PackageCache/com.unity.addressables@1.18.19/Editor/AddressableAssetSettingsDefaultObject.cs:62)
UnityEditor.AddressableAssets.AddressableAssetSettingsDefaultObject:get_Settings () (at Library/PackageCache/com.unity.addressables@1.18.19/Editor/AddressableAssetSettingsDefaultObject.cs:114)
UnityEditor.AddressableAssets.Settings.AddressableAssetSettings:RegisterWithAssetPostProcessor () (at Library/PackageCache/com.unity.addressables@1.18.19/Editor/Settings/AddressableAssetSettings.cs:40)
System.Reflection.MonoMethod:Invoke (object,System.Reflection.BindingFlags,System.Reflection.Binder,object[],System.Globalization.CultureInfo)
System.Reflection.MethodBase:Invoke (object,object[])
UnityEditor.EditorAssemblies:ProcessInitializeOnLoadMethodAttributes ()

(Filename: Library/PackageCache/com.unity.addressables@1.18.19/Editor/HostingServices/BaseHostingService.cs Line: 135)

Mono: successfully reloaded assembly
- Completed reload, in  1.593 seconds
Domain Reload Profiling:
	ReloadAssembly (1594ms)
		BeginReloadAssembly (155ms)
			ExecutionOrderSort (0ms)
			DisableScriptedObjects (9ms)
			BackupInstance (0ms)
			ReleaseScriptingObjects (0ms)
			CreateAndSetChildDomain (49ms)
		EndReloadAssembly (1358ms)
			LoadAssemblies (131ms)
			RebuildTransferFunctionScriptingTraits (0ms)
			SetupTypeCache (443ms)
			ReleaseScriptCaches (1ms)
			RebuildScriptCaches (61ms)
			SetupLoadedEditorAssemblies (518ms)
				LogAssemblyErrors (0ms)
				InitializePlatformSupportModulesInManaged (6ms)
				SetLoadedEditorAssemblies (1ms)
				RefreshPlugins (1ms)
				BeforeProcessingInitializeOnLoad (131ms)
				ProcessInitializeOnLoadAttributes (307ms)
				ProcessInitializeOnLoadMethodAttributes (68ms)
				AfterProcessingInitializeOnLoad (4ms)
				EditorAssembliesLoaded (0ms)
			ExecutionOrderSort2 (0ms)
			AwakeInstancesAfterBackupRestoration (12ms)
Platform modules already initialized, skipping
Refreshing native plugins compatible for Editor in 0.63 ms, found 3 plugins.
Preloading 0 native plugins for Editor in 0.00 ms.
Unloading 2647 Unused Serialized files (Serialized files now loaded: 0)
System memory in use before: 115.1 MB.
System memory in use after: 115.2 MB.

Unloading 20 unused Assets to reduce memory usage. Loaded Objects now: 3115.
Total: 4.735800 ms (FindLiveObjects: 0.409300 ms CreateObjectMapping: 0.263200 ms MarkObjects: 3.911200 ms  DeleteObjects: 0.150600 ms)

AssetImportParameters requested are different than current active one (requested -> active):
  custom:framework-win-MediaFoundation: 216162199b28c13a410421893ffa2e32 -> 
  custom:video-decoder-ogg-theora: a1e56fd34408186e4bbccfd4996cb3dc -> 
  custom:container-muxer-webm: aa71ff27fc2769a1b78a27578f13a17b -> 
  custom:container-demuxer-webm: 4f35f7cbe854078d1ac9338744f61a02 -> 
  custom:container-demuxer-ogg: 62fdf1f143b41e24485cea50d1cbac27 -> 
  custom:video-encoder-webm-vp8: eb34c28f22e8b96e1ab97ce403110664 -> 
  custom:video-decoder-webm-vp8: 9c59270c3fd7afecdb556c50c9e8de78 -> 
  custom:audio-decoder-ogg-vorbis: bf7c407c2cedff20999df2af8eb42d56 -> 
  custom:audio-encoder-webm-vorbis: bf7c407c2cedff20999df2af8eb42d56 -> 
AssetImportWorkerClient::OnTransportError - code=2 error=End of file
